<?xml version="1.0" encoding="UTF-8"?>
<testsuite name="searching.BubbleSortTest" tests="7" skipped="0" failures="0" errors="0" timestamp="2021-01-13T07:44:44" hostname="DESKTOP-K35NJPV" time="0.026">
  <properties/>
  <testcase name="testSort_whenContainsContiguousEqualElements_ReturnsSorted()" classname="searching.BubbleSortTest" time="0.014"/>
  <testcase name="testSort_whenMixed_ReturnsSorted()" classname="searching.BubbleSortTest" time="0.0"/>
  <testcase name="testSort_whenContainsEqualElements_ReturnsSorted()" classname="searching.BubbleSortTest" time="0.001"/>
  <testcase name="testSort_whenInputNegative_ReturnsSort()" classname="searching.BubbleSortTest" time="0.0"/>
  <testcase name="testSort_whenDescending_ReturnsAscending()" classname="searching.BubbleSortTest" time="0.001"/>
  <testcase name="testSort_whenEmpty_ReturnsEmpty()" classname="searching.BubbleSortTest" time="0.001"/>
  <testcase name="testSort_whenAscending_ReturnsAscending()" classname="searching.BubbleSortTest" time="0.001"/>
  <system-out><![CDATA[]]></system-out>
  <system-err><![CDATA[]]></system-err>
</testsuite>
